NL-08014: Message 8014 not found; No message file for product=network, facility=NL	   []
 NL-08015: Message 8015 not found; No message file for product=network, facility=NL
  ORA-48165: user missing read, write, or exec permission on specified ADR Base directory []
User inputted base directory is invalid [48188] [/afs/eos.ncsu.edu/dist/oracle11/app]



***********************************************************************
Fatal NI connect error 12170.

  VERSION INFORMATION:
	TNS for Linux: Version 12.2.0.1.0 - Production
	TCP/IP NT Protocol Adapter for Linux: Version 12.2.0.1.0 - Production
  Time: 19-OCT-2022 23:11:41
  Tracing not turned on.
  Tns error struct:
    ns main err code: 12535
    TNS-12535: Message 12535 not found; No message file for product=network, facility=TNS
    ns secondary err code: 12560
    nt main err code: 505
    TNS-00505: Message 505 not found; No message file for product=network, facility=TNS
    nt secondary err code: 0
    nt OS err code: 0
  Client address: <unknown>
NL-08014: Message 8014 not found; No message file for product=network, facility=NL	   []
 NL-08015: Message 8015 not found; No message file for product=network, facility=NL
  ORA-48165: user missing read, write, or exec permission on specified ADR Base directory []
User inputted base directory is invalid [48188] [/afs/eos.ncsu.edu/dist/oracle11/app]

